<?xml version="1.0" encoding="UTF-8"?>
<!-- Generated by org.testng.reporters.JUnitReportReporter -->
<testsuite hostname="Arunthathi" failures="0" tests="1" name="testScript.HomeTest" time="14.690" errors="0" timestamp="2025-10-07T11:02:31 IST" skipped="0">
  <testcase classname="testScript.HomeTest" name="verifyLogout" time="14.690"/>
</testsuite> <!-- testScript.HomeTest -->
