<?xml version="1.0" encoding="UTF-8"?>
<!-- Generated by org.testng.reporters.JUnitReportReporter -->
<testsuite hostname="Arunthathi" failures="0" tests="1" name="testScript.LoginTest" time="6.765" errors="0" timestamp="2025-10-09T11:45:12 IST" skipped="0">
  <testcase classname="testScript.LoginTest" name="verifyValidUserNamePasswordLoginCredentials" time="6.765"/>
</testsuite> <!-- testScript.LoginTest -->
