<?xml version="1.0" encoding="UTF-8"?>
<!-- Generated by org.testng.reporters.JUnitReportReporter -->
<testsuite hostname="Arunthathi" failures="0" tests="3" name="testScript.AdminTest" time="33.596" errors="0" timestamp="2025-10-09T11:45:12 IST" skipped="0">
  <testcase classname="testScript.AdminTest" name="verifyresetUser" time="9.882"/>
  <testcase classname="testScript.AdminTest" name="verifyAddUser" time="12.760"/>
  <testcase classname="testScript.AdminTest" name="verifysearchUser" time="10.954"/>
</testsuite> <!-- testScript.AdminTest -->
