<?xml version="1.0" encoding="UTF-8"?>
<!-- Generated by org.testng.reporters.JUnitReportReporter -->
<testsuite hostname="Arunthathi" failures="0" tests="6" name="testScript.LoginTest" time="52.512" errors="0" timestamp="2025-10-07T11:02:31 IST" skipped="0">
  <testcase classname="testScript.LoginTest" name="verifyValidUserNamePasswordLoginCredentials" time="9.281"/>
  <testcase classname="testScript.LoginTest" name="verifyInValidUserNameValidPasswordLoginCredentials" time="8.126"/>
  <testcase classname="testScript.LoginTest" name="verifyValidUserNameInValidPasswordLoginCredentials" time="8.185"/>
  <testcase classname="testScript.LoginTest" name="verifyInValidUserNameInValidPasswordLoginCredentials" time="8.260"/>
  <testcase classname="testScript.LoginTest" name="verifyInValidUserNameInValidPasswordLoginCredentials" time="8.478"/>
  <testcase classname="testScript.LoginTest" name="verifyInValidUserNameInValidPasswordLoginCredentials" time="10.182"/>
</testsuite> <!-- testScript.LoginTest -->
