<?xml version="1.0" encoding="UTF-8"?>
<!-- Generated by org.testng.reporters.JUnitReportReporter -->
<testsuite hostname="Arunthathi" failures="0" tests="4" name="testScript.LoginTest" time="31.214" errors="0" timestamp="2025-09-15T14:35:59 IST" skipped="0">
  <testcase classname="testScript.LoginTest" name="verifyValidUserNameInValidPasswordLoginCredentials" time="5.505"/>
  <testcase classname="testScript.LoginTest" name="verifyInValidUserNameValidPasswordLoginCredentials" time="8.051"/>
  <testcase classname="testScript.LoginTest" name="verifyValidUserNamePasswordLoginCredentials" time="8.391"/>
  <testcase classname="testScript.LoginTest" name="verifyInValidUserNameInValidPasswordLoginCredentials" time="9.267"/>
</testsuite> <!-- testScript.LoginTest -->
