<?xml version="1.0" encoding="UTF-8"?>
<!-- Generated by org.testng.reporters.JUnitReportReporter -->
<testsuite hostname="Arunthathi" failures="0" tests="1" name="testScript.HomeTest" time="13.425" errors="0" timestamp="2025-10-03T13:32:14 IST" skipped="0">
  <testcase classname="testScript.HomeTest" name="verifyLogout" time="13.425"/>
</testsuite> <!-- testScript.HomeTest -->
