<?xml version="1.0" encoding="UTF-8"?>
<!-- Generated by org.testng.reporters.JUnitReportReporter -->
<testsuite hostname="Arunthathi" failures="0" tests="2" name="testScript.NewsTest" time="22.710" errors="0" timestamp="2025-10-09T11:45:12 IST" skipped="0">
  <testcase classname="testScript.NewsTest" name="verifyReturnHomePage" time="11.311"/>
  <testcase classname="testScript.NewsTest" name="verifyAddNews" time="11.399"/>
</testsuite> <!-- testScript.NewsTest -->
