<?xml version="1.0" encoding="UTF-8"?>
<!-- Generated by org.testng.reporters.JUnitReportReporter -->
<testsuite hostname="Arunthathi" failures="0" tests="1" name="testScript.AdminTest" time="25.302" errors="0" timestamp="2025-09-18T20:16:11 IST" skipped="0">
  <testcase classname="testScript.AdminTest" name="verifysearchUser" time="25.302"/>
</testsuite> <!-- testScript.AdminTest -->
