<?xml version="1.0" encoding="UTF-8"?>
<!-- Generated by org.testng.reporters.JUnitReportReporter -->
<testsuite hostname="Arunthathi" failures="0" tests="1" name="testScript.NewsTest" time="28.253" errors="0" timestamp="2025-09-22T13:43:06 IST" skipped="0">
  <testcase classname="testScript.NewsTest" name="verifyReturnHomePage" time="28.253"/>
</testsuite> <!-- testScript.NewsTest -->
