<?xml version="1.0" encoding="UTF-8"?>
<!-- Generated by org.testng.reporters.JUnitReportReporter -->
<testsuite hostname="Arunthathi" failures="0" tests="1" name="testScript.LoginTest" time="20.806" errors="0" timestamp="2025-09-16T11:15:06 IST" skipped="0">
  <testcase classname="testScript.LoginTest" name="verifyValidUserNamePasswordLoginCredentials" time="20.806"/>
</testsuite> <!-- testScript.LoginTest -->
